{"level":"info","message":"Restart server","timestamp":"2015-12-09T16:32:00.887Z"}
{"level":"error","timestamp":"2015-12-09T16:32:40.092Z"}
{"level":"error","timestamp":"2015-12-09T16:32:40.704Z"}
{"level":"error","timestamp":"2015-12-09T16:32:40.705Z"}
{"level":"info","message":"Restart server","timestamp":"2015-12-09T16:43:00.382Z"}
{"level":"error","timestamp":"2015-12-09T16:43:06.673Z"}
{"level":"error","timestamp":"2015-12-09T16:43:07.292Z"}
{"level":"error","timestamp":"2015-12-09T16:43:07.293Z"}
{"level":"info","message":"Restart server","timestamp":"2015-12-09T16:49:00.517Z"}
{"level":"info","timestamp":"2015-12-09T16:49:15.748Z"}
{"level":"info","timestamp":"2015-12-09T16:49:16.371Z"}
{"level":"info","timestamp":"2015-12-09T16:49:16.373Z"}
{"level":"info","timestamp":"2015-12-09T16:50:12.035Z"}
{"level":"info","timestamp":"2015-12-09T16:50:12.618Z"}
{"level":"info","timestamp":"2015-12-09T16:50:12.618Z"}
{"level":"info","message":"Restart server","timestamp":"2015-12-09T16:52:27.736Z"}
{"level":"info","timestamp":"2015-12-09T16:52:53.268Z"}
{"level":"info","timestamp":"2015-12-09T16:52:53.882Z"}
{"level":"info","timestamp":"2015-12-09T16:52:53.883Z"}
{"level":"info","message":"Restart server","timestamp":"2015-12-09T17:01:40.555Z"}
{"code":"ETIMEDOUT","errno":"ETIMEDOUT","syscall":"connect","address":"94.124.134.108","port":80,"level":"info","timestamp":"2015-12-09T17:02:07.263Z"}
{"code":"ETIMEDOUT","errno":"ETIMEDOUT","syscall":"connect","address":"94.124.134.108","port":80,"level":"info","timestamp":"2015-12-09T17:02:15.710Z"}
{"code":"ETIMEDOUT","errno":"ETIMEDOUT","syscall":"connect","address":"94.124.134.108","port":80,"level":"info","timestamp":"2015-12-09T17:02:26.082Z"}
{"code":"ETIMEDOUT","errno":"ETIMEDOUT","syscall":"connect","address":"94.124.134.108","port":80,"level":"info","timestamp":"2015-12-09T17:02:37.098Z"}
{"level":"info","message":"Restart server","timestamp":"2015-12-09T17:02:47.380Z"}
{"level":"info","timestamp":"2015-12-09T17:02:52.647Z"}
{"level":"info","timestamp":"2015-12-09T17:02:53.300Z"}
{"level":"info","timestamp":"2015-12-09T17:02:53.301Z"}
{"level":"info","message":"Restart server","timestamp":"2015-12-09T17:05:24.968Z"}
{"level":"debug","timestamp":"2015-12-09T17:05:36.022Z"}
{"level":"debug","timestamp":"2015-12-09T17:05:36.949Z"}
{"level":"debug","timestamp":"2015-12-09T17:05:36.950Z"}
